2022-11-17 17:57:57,643-main-INFO-main program started
2022-11-17 17:57:57,644-starting-INFO-started with browser menu building
2022-11-17 17:58:10,555-main-INFO-The Application worked successfully
2022-11-17 18:02:22,306-main-INFO-main program started
2022-11-17 18:02:22,306-starting-INFO-started with browser menu building
2022-11-17 18:06:17,688-main-INFO-main program started
2022-11-17 18:06:17,688-starting-INFO-started with browser menu building
2022-11-17 18:06:23,510-main-INFO-The Application worked successfully
2022-11-17 18:07:44,555-main-INFO-main program started
2022-11-17 18:07:44,555-starting-INFO-started with browser menu building
2022-11-17 18:07:51,489-main-INFO-The Application worked successfully
2022-11-17 18:08:14,594-main-INFO-main program started
2022-11-17 18:08:14,594-starting-INFO-started with browser menu building
2022-11-17 18:09:07,092-main-INFO-The Application worked successfully
2022-11-17 18:09:53,400-main-INFO-main program started
2022-11-17 18:09:53,400-starting-INFO-started with browser menu building
2022-11-17 18:10:11,442-main-INFO-The Application worked successfully
2022-11-17 18:10:28,996-main-INFO-main program started
2022-11-17 18:10:28,996-starting-INFO-started with browser menu building
2022-11-17 18:10:35,305-main-INFO-The Application worked successfully
2022-11-17 18:10:38,574-main-INFO-main program started
2022-11-17 18:10:38,574-starting-INFO-started with browser menu building
2022-11-17 18:20:14,565-getlist-INFO-Entered to getlist
2022-11-17 18:20:14,566-getpath-INFO-Entered into getpath
2022-11-17 18:20:14,566-fetchlist-INFO-Entered into getlist
2022-11-17 18:20:16,053-getfile-INFO-entered into getfile
2022-11-17 18:20:16,053-fetchfile-INFO-Entered into fetchfile
2022-11-17 18:20:36,872-main-INFO-The Application worked successfully
